[0;36mðŸš€ Starting 'Hacker Build' v2.1 Overhaul...[0m
[0;34mðŸ“¦ Release Mode Armed.[0m
ðŸ“œ Preparing SDK...
Loading package information...                                                  Loading local repository...                                                     [                                       ] 3% Loading local repository...        [                                       ] 3% Fetch remote repository...         [=                                      ] 3% Fetch remote repository...         [=                                      ] 4% Fetch remote repository...         [=                                      ] 5% Fetch remote repository...         [==                                     ] 5% Fetch remote repository...         [==                                     ] 6% Fetch remote repository...         [==                                     ] 7% Fetch remote repository...         [==                                     ] 7% Computing updates...               [===                                    ] 8% Computing updates...               [===                                    ] 10% Computing updates...              [=======================================] 100% Computing updates...             

[0;32mðŸ—ï¸  Building VibeNews v3.0...[0m
To honour the JVM settings for this build a single-use Daemon process will be forked. For more on this, please refer to https://docs.gradle.org/8.2/userguide/gradle_daemon.html#sec:disabling_the_daemon in the Gradle documentation.
Daemon will be stopped at the end of the build 
> Task :app:clean
> Task :app:buildKotlinToolingMetadata
> Task :app:checkKotlinGradlePluginConfigurationErrors
> Task :app:preBuild UP-TO-DATE
> Task :app:preReleaseBuild UP-TO-DATE
> Task :app:generateReleaseResValues
> Task :app:checkReleaseAarMetadata
> Task :app:mapReleaseSourceSetPaths
> Task :app:generateReleaseResources
> Task :app:packageReleaseResources
> Task :app:createReleaseCompatibleScreenManifests
> Task :app:extractDeepLinksRelease
> Task :app:parseReleaseLocalResources
> Task :app:processReleaseMainManifest
> Task :app:mergeReleaseResources
> Task :app:processReleaseManifest
> Task :app:extractProguardFiles
> Task :app:javaPreCompileRelease
> Task :app:mergeReleaseJniLibFolders
> Task :app:processReleaseManifestForPackage
> Task :app:mergeReleaseNativeLibs

> Task :app:stripReleaseDebugSymbols
Unable to strip the following libraries, packaging them as they are: libandroidx.graphics.path.so.

> Task :app:desugarReleaseFileDependencies
> Task :app:extractReleaseNativeSymbolTables
> Task :app:checkReleaseDuplicateClasses
> Task :app:mergeReleaseNativeDebugMetadata NO-SOURCE
> Task :app:mergeReleaseArtProfile
> Task :app:processReleaseResources
> Task :app:mergeReleaseShaders
> Task :app:compileReleaseShaders NO-SOURCE
> Task :app:generateReleaseAssets UP-TO-DATE
> Task :app:mergeReleaseAssets
> Task :app:compressReleaseAssets
> Task :app:collectReleaseDependencies
> Task :app:sdkReleaseDependencyData
> Task :app:validateSigningRelease
> Task :app:writeReleaseAppMetadata
> Task :app:writeReleaseSigningConfigVersions
> Task :app:optimizeReleaseResources
> Task :app:mergeExtDexRelease
> Task :app:kaptGenerateStubsReleaseKotlin
> Task :app:kaptReleaseKotlin

> Task :app:compileReleaseKotlin
w: file:///home/oki/Downloads/News/VibeNews/app/src/main/java/com/vibe/news/data/NewsRepository.kt:86:13 Variable 'articles' is never used
w: file:///home/oki/Downloads/News/VibeNews/app/src/main/java/com/vibe/news/ui/article/ArticleDetailScreen.kt:43:44 'ArrowBack: ImageVector' is deprecated. Use the AutoMirrored version at Icons.AutoMirrored.Filled.ArrowBack
w: file:///home/oki/Downloads/News/VibeNews/app/src/main/java/com/vibe/news/ui/article/ArticleDetailScreen.kt:96:47 'setForceDark(WebSettings, Int): Unit' is deprecated. Deprecated in Java
w: file:///home/oki/Downloads/News/VibeNews/app/src/main/java/com/vibe/news/ui/article/ArticleDetailScreen.kt:96:88 'FORCE_DARK_ON: Int' is deprecated. Deprecated in Java
w: file:///home/oki/Downloads/News/VibeNews/app/src/main/java/com/vibe/news/ui/home/HomeScreen.kt:142:49 'animateItemPlacement(FiniteAnimationSpec<IntOffset> = ...): Modifier' is deprecated. Use Modifier.animateItem() instead
w: file:///home/oki/Downloads/News/VibeNews/app/src/main/java/com/vibe/news/ui/settings/SettingsScreen.kt:29:44 'ArrowBack: ImageVector' is deprecated. Use the AutoMirrored version at Icons.AutoMirrored.Filled.ArrowBack
w: file:///home/oki/Downloads/News/VibeNews/app/src/main/java/com/vibe/news/ui/settings/SettingsScreen.kt:57:13 'Divider(Modifier = ..., Dp = ..., Color = ...): Unit' is deprecated. Renamed to HorizontalDivider
w: file:///home/oki/Downloads/News/VibeNews/app/src/main/java/com/vibe/news/ui/settings/SettingsScreen.kt:81:13 'Divider(Modifier = ..., Dp = ..., Color = ...): Unit' is deprecated. Renamed to HorizontalDivider

> Task :app:compileReleaseJavaWithJavac
> Task :app:hiltAggregateDepsRelease
> Task :app:hiltJavaCompileRelease
> Task :app:generateReleaseLintVitalReportModel
> Task :app:processReleaseJavaRes
> Task :app:transformReleaseClassesWithAsm
> Task :app:dexBuilderRelease
> Task :app:mergeReleaseGlobalSynthetics
> Task :app:mergeReleaseJavaResource
> Task :app:mergeDexRelease
> Task :app:compileReleaseArtProfile
> Task :app:packageRelease
> Task :app:createReleaseApkListingFileRedirect
> Task :app:lintVitalAnalyzeRelease
> Task :app:lintVitalReportRelease
> Task :app:lintVitalRelease
> Task :app:assembleRelease

BUILD SUCCESSFUL in 2m 31s
53 actionable tasks: 53 executed
[0;32mâœ… Build Success: app/build/outputs/apk/release/app-release.apk[0m
[0;36mðŸš€ Triggering Automated Release Sequence...[0m
