> Task :app:preBuild UP-TO-DATE
> Task :app:preReleaseBuild UP-TO-DATE
> Task :app:mergeReleaseJniLibFolders
> Task :app:mergeReleaseNativeLibs NO-SOURCE
> Task :app:stripReleaseDebugSymbols NO-SOURCE
> Task :app:extractReleaseNativeSymbolTables NO-SOURCE
> Task :app:mergeReleaseNativeDebugMetadata NO-SOURCE
> Task :app:buildKotlinToolingMetadata
> Task :app:checkKotlinGradlePluginConfigurationErrors
> Task :app:mergeReleaseArtProfile
> Task :app:generateReleaseResValues
> Task :app:mapReleaseSourceSetPaths
> Task :app:checkReleaseAarMetadata
> Task :app:generateReleaseResources
> Task :app:checkReleaseDuplicateClasses
> Task :app:packageReleaseResources
> Task :app:createReleaseCompatibleScreenManifests
> Task :app:extractDeepLinksRelease
> Task :app:parseReleaseLocalResources
> Task :app:processReleaseMainManifest
> Task :app:processReleaseManifest
> Task :app:extractProguardFiles
> Task :app:processReleaseManifestForPackage
> Task :app:mergeReleaseShaders
> Task :app:compileReleaseShaders NO-SOURCE
> Task :app:generateReleaseAssets UP-TO-DATE
> Task :app:mergeReleaseAssets
> Task :app:javaPreCompileRelease
> Task :app:compressReleaseAssets
> Task :app:mergeReleaseResources
> Task :app:collectReleaseDependencies
> Task :app:sdkReleaseDependencyData
> Task :app:validateSigningRelease
> Task :app:writeReleaseAppMetadata
> Task :app:writeReleaseSigningConfigVersions
> Task :app:processReleaseResources
> Task :app:optimizeReleaseResources
> Task :app:kaptGenerateStubsReleaseKotlin
> Task :app:kaptReleaseKotlin

> Task :app:compileReleaseKotlin
w: file:///home/oki/Downloads/News/VibeNews/app/src/main/java/com/vibe/news/data/NewsRepository.kt:80:13 Variable 'articles' is never used
w: file:///home/oki/Downloads/News/VibeNews/app/src/main/java/com/vibe/news/ui/home/HomeScreen.kt:47:9 Variable 'isSearchActive' is never used

> Task :app:compileReleaseJavaWithJavac
> Task :app:hiltAggregateDepsRelease
> Task :app:hiltJavaCompileRelease
> Task :app:processReleaseJavaRes
> Task :app:transformReleaseClassesWithAsm
> Task :app:mergeReleaseGeneratedProguardFiles UP-TO-DATE
> Task :app:mergeReleaseJavaResource
> Task :app:expandReleaseArtProfileWildcards
> Task :app:minifyReleaseWithR8
> Task :app:compileReleaseArtProfile
> Task :app:packageRelease
> Task :app:createReleaseApkListingFileRedirect
> Task :app:assembleRelease

BUILD SUCCESSFUL in 2m 6s
43 actionable tasks: 42 executed, 1 up-to-date
