[0;35mðŸ’Ž Vibe Engineering | Build System v3.0[0m
[0;34mðŸ“¦ Release Mode Armed.[0m
ðŸ“œ Preparing SDK...
Loading package information...                                                  Loading local repository...                                                     [                                       ] 3% Loading local repository...        [                                       ] 3% Fetch remote repository...         [=                                      ] 3% Fetch remote repository...         [=                                      ] 4% Fetch remote repository...         [=                                      ] 5% Fetch remote repository...         [==                                     ] 5% Fetch remote repository...         [==                                     ] 6% Fetch remote repository...         [==                                     ] 7% Fetch remote repository...         [==                                     ] 7% Computing updates...               [===                                    ] 8% Computing updates...               [===                                    ] 10% Computing updates...              [=======================================] 100% Computing updates...             

[0;32mðŸ—ï¸  Building VibeNews v4.1...[0m
To honour the JVM settings for this build a single-use Daemon process will be forked. For more on this, please refer to https://docs.gradle.org/8.2/userguide/gradle_daemon.html#sec:disabling_the_daemon in the Gradle documentation.
Daemon will be stopped at the end of the build 
> Task :app:clean
> Task :app:buildKotlinToolingMetadata
> Task :app:checkKotlinGradlePluginConfigurationErrors
> Task :app:preBuild UP-TO-DATE
> Task :app:preReleaseBuild UP-TO-DATE
> Task :app:generateReleaseResValues
> Task :app:checkReleaseAarMetadata
> Task :app:mapReleaseSourceSetPaths
> Task :app:generateReleaseResources
> Task :app:packageReleaseResources
> Task :app:createReleaseCompatibleScreenManifests
> Task :app:extractDeepLinksRelease
> Task :app:parseReleaseLocalResources
> Task :app:mergeReleaseResources
> Task :app:processReleaseMainManifest
> Task :app:processReleaseManifest
> Task :app:extractProguardFiles
> Task :app:javaPreCompileRelease
> Task :app:mergeReleaseJniLibFolders
> Task :app:mergeReleaseNativeLibs
> Task :app:desugarReleaseFileDependencies
> Task :app:checkReleaseDuplicateClasses

> Task :app:stripReleaseDebugSymbols
Unable to strip the following libraries, packaging them as they are: libandroidx.graphics.path.so.

> Task :app:mergeReleaseArtProfile
> Task :app:extractReleaseNativeSymbolTables
> Task :app:processReleaseManifestForPackage
> Task :app:mergeExtDexRelease
> Task :app:mergeReleaseNativeDebugMetadata NO-SOURCE
> Task :app:mergeReleaseShaders
> Task :app:compileReleaseShaders NO-SOURCE
> Task :app:generateReleaseAssets UP-TO-DATE
> Task :app:mergeReleaseAssets
> Task :app:compressReleaseAssets
> Task :app:collectReleaseDependencies
> Task :app:sdkReleaseDependencyData
> Task :app:validateSigningRelease
> Task :app:writeReleaseAppMetadata
> Task :app:writeReleaseSigningConfigVersions
> Task :app:processReleaseResources
> Task :app:optimizeReleaseResources
> Task :app:kaptGenerateStubsReleaseKotlin
> Task :app:kaptReleaseKotlin

> Task :app:compileReleaseKotlin FAILED
e: file:///home/oki/Downloads/News/VibeNews/app/src/main/java/com/vibe/news/ui/article/ArticleDetailScreen.kt:172:36 Unresolved reference: Transparent

FAILURE: Build failed with an exception.

* What went wrong:
Execution failed for task ':app:compileReleaseKotlin'.
> A failure occurred while executing org.jetbrains.kotlin.compilerRunner.GradleCompilerRunnerWithWorkers$GradleKotlinCompilerWorkAction
   > Compilation error. See log for more details

* Try:
> Run with --stacktrace option to get the stack trace.
> Run with --info or --debug option to get more log output.
> Run with --scan to get full insights.
> Get more help at https://help.gradle.org.

BUILD FAILED in 3m 28s
37 actionable tasks: 37 executed
